-------------------------------------------------------------------------------
Test set: com.automation.TestRunner
-------------------------------------------------------------------------------
Tests run: 2, Failures: 0, Errors: 1, Skipped: 0, Time elapsed: 2.937 s <<< FAILURE! - in com.automation.TestRunner
TestRunner.Cucumber  Time elapsed: 2.516 s  <<< ERROR!
java.lang.reflect.InaccessibleObjectException: Unable to make field private java.lang.String java.lang.Throwable.detailMessage accessible: module java.base does not "opens java.lang" to unnamed module @1a3869f4

