<?xml version="1.0" encoding="UTF-8"?>
<testsuite xmlns:xsi="http://www.w3.org/2001/XMLSchema-instance" xsi:noNamespaceSchemaLocation="https://maven.apache.org/surefire/maven-surefire-plugin/xsd/surefire-test-report-3.0.xsd" version="3.0" name="com.automation.TestRunner" time="3.008" tests="2" errors="1" skipped="0" failures="0">
  <properties>
[...]
</properties>
  <testcase name="procurar_os_por_id - verificar os cadastrada por id" classname="procurar_os_por_id" time="2.252">
    <system-out><![CDATA[
@procurar_os_por_id
Scenario: verificar os cadastrada por id                                                &amp#27;[90m# com/automation/features/procurar_os_por_id.feature:3&amp#27;[0m

    {
      "id": 2
    }

  &amp#27;[32mGiven &amp#27;[0m&amp#27;[32mo request da API PROCURAR OS POR ID &amp#27;[0m&amp#27;[32m&amp#27;[1m"procurar_os_por_id.json"&amp#27;[0m                   &amp#27;[90m# com.automation.steps.ProcurarOsPorIdSteps.o_request_da_API_PROCURAR_OS_POR_ID(java.lang.String)&amp#27;[0m

    {
        "id": 2,
        "proprietario": "Fulano Beltrano",
        "tipoEquipamento": "TV",
        "entradaLab": "2025-02-20",
        "defeito": "Tela quebrada",
        "previsaoEntrega": "2025-02-21",
        "statusConcerto": "Aguardando orçamento",
        "observacoes": ""
    }

  &amp#27;[32mWhen &amp#27;[0m&amp#27;[32mo sistema envia um request GET na API PROCURAR OS POR ID &amp#27;[0m&amp#27;[32m&amp#27;[1m"PROCURAR_OS_POR_ID"&amp#27;[0m    &amp#27;[90m# com.automation.steps.ProcurarOsPorIdSteps.o_sistema_envia_um_request_GET_na_API_PROCURAR_OS_POR_ID(java.lang.String)&amp#27;[0m

    200

  &amp#27;[32mThen &amp#27;[0m&amp#27;[32mo status code da API PROCURAR OS POR ID retorna &amp#27;[0m&amp#27;[32m&amp#27;[1m200&amp#27;[0m                              &amp#27;[90m# com.automation.steps.ProcurarOsPorIdSteps.o_status_code_da_API_PROCURAR_OS_POR_ID_retorna(java.lang.Integer)&amp#27;[0m

    {
        "$schema": "https://json-schema.org/draft/2019-09/schema",
        "type": "object",
        "default": {},
        "required": [
            "id",
            "proprietario",
            "tipoEquipamento",
            "entradaLab",
            "defeito",
            "previsaoEntrega",
            "statusConcerto",
            "observacoes"
        ],
        "properties": {
            "id": {
                "type": "integer",
                "default": 0
            },
            "proprietario": {
                "type": "string",
                "default": ""
            },
            "tipoEquipamento": {
                "type": "string",
                "default": ""
            },
            "entradaLab": {
                "type": "string",
                "default": ""
            },
            "defeito": {
                "type": "string",
                "default": ""
            },
            "previsaoEntrega": {
                "type": "string",
                "default": ""
            },
            "statusConcerto": {
                "type": "string",
                "default": ""
            },
            "observacoes": {
                "type": "string",
                "default": ""
            }
        }
    }

  &amp#27;[32mAnd &amp#27;[0m&amp#27;[32mo response body da API PROCURAR OS POR ID confere com o JSON &amp#27;[0m&amp#27;[32m&amp#27;[1m"procurar_os_por_id"&amp#27;[0m &amp#27;[90m# com.automation.steps.ProcurarOsPorIdSteps.o_response_body_da_API_PROCURAR_OS_POR_ID_confere_com_o_JSON(java.lang.String)&amp#27;[0m
]]></system-out>
    <system-err><![CDATA[fev. 21, 2025 10:35:32 PM com.automation.utils.LogUtils log
INFORMAÇÕES: Sending GET request to: /os/${id} service
]]></system-err>
  </testcase>
  <testcase name="Cucumber" classname="TestRunner" time="2.581">
    <error type="java.lang.reflect.InaccessibleObjectException"><![CDATA[java.lang.reflect.InaccessibleObjectException: Unable to make field private java.lang.String java.lang.Throwable.detailMessage accessible: module java.base does not "opens java.lang" to unnamed module @4d3167f4
]]></error>
    <system-out><![CDATA[
1 Scenarios (&amp#27;[32m1 passed&amp#27;[0m)
4 Steps (&amp#27;[32m4 passed&amp#27;[0m)
0m2,332s


]]></system-out>
  </testcase>
</testsuite>